2019-05-11 00:47:30,594 - root - INFO - sup
2019-05-11 00:47:30,663 - root - INFO - > {b}
2019-05-11 00:47:30,666 - root - INFO - > {b}
2019-05-11 00:47:30,667 - root - INFO - > {b}
2019-05-11 00:47:30,763 - root - INFO - < [':tmi.twitch.tv', '001', 'onetruecaptain', ':Welcome,', 'GLHF!']
2019-05-11 00:47:30,764 - root - INFO - < [':tmi.twitch.tv', '002', 'onetruecaptain', ':Your', 'host', 'is', 'tmi.twitch.tv']
2019-05-11 00:47:30,764 - root - INFO - < [':tmi.twitch.tv', '003', 'onetruecaptain', ':This', 'server', 'is', 'rather', 'new']
2019-05-11 00:47:30,764 - root - INFO - < [':tmi.twitch.tv', '004', 'onetruecaptain', ':-']
2019-05-11 00:47:30,764 - root - INFO - < [':tmi.twitch.tv', '375', 'onetruecaptain', ':-']
2019-05-11 00:47:30,765 - root - INFO - < [':tmi.twitch.tv', '372', 'onetruecaptain', ':You', 'are', 'in', 'a', 'maze', 'of', 'twisty', 'passages,', 'all', 'alike.']
2019-05-11 00:47:30,765 - root - INFO - < [':tmi.twitch.tv', '376', 'onetruecaptain', ':>']
2019-05-11 00:47:30,790 - root - INFO - < [':onetruecaptain!onetruecaptain@onetruecaptain.tmi.twitch.tv', 'JOIN', 'onetruecaptain']
2019-05-11 00:47:30,791 - root - INFO - < [':onetruecaptain.tmi.twitch.tv', '353', 'onetruecaptain', '=', 'onetruecaptain', ':onetruecaptain']
2019-05-11 00:47:30,791 - root - INFO - < [':onetruecaptain.tmi.twitch.tv', '366', 'onetruecaptain', 'onetruecaptain', ':End', 'of', '/NAMES', 'list']
2019-05-11 00:48:12,637 - root - INFO - sup
2019-05-11 00:48:12,676 - root - INFO - > {b}
2019-05-11 00:48:12,676 - root - INFO - > {b}
2019-05-11 00:48:12,676 - root - INFO - > {b}
2019-05-11 00:48:12,767 - root - INFO - < [':tmi.twitch.tv', '001', 'onetruecaptain', ':Welcome,', 'GLHF!']
2019-05-11 00:48:12,768 - root - INFO - < [':tmi.twitch.tv', '002', 'onetruecaptain', ':Your', 'host', 'is', 'tmi.twitch.tv']
2019-05-11 00:48:12,768 - root - INFO - < [':tmi.twitch.tv', '003', 'onetruecaptain', ':This', 'server', 'is', 'rather', 'new']
2019-05-11 00:48:12,769 - root - INFO - < [':tmi.twitch.tv', '004', 'onetruecaptain', ':-']
2019-05-11 00:48:12,769 - root - INFO - < [':tmi.twitch.tv', '375', 'onetruecaptain', ':-']
2019-05-11 00:48:12,770 - root - INFO - < [':tmi.twitch.tv', '372', 'onetruecaptain', ':You', 'are', 'in', 'a', 'maze', 'of', 'twisty', 'passages,', 'all', 'alike.']
2019-05-11 00:48:12,770 - root - INFO - < [':tmi.twitch.tv', '376', 'onetruecaptain', ':>']
2019-05-11 00:48:12,786 - root - INFO - < [':onetruecaptain!onetruecaptain@onetruecaptain.tmi.twitch.tv', 'JOIN', 'onetruecaptain']
2019-05-11 00:48:12,786 - root - INFO - < [':onetruecaptain.tmi.twitch.tv', '353', 'onetruecaptain', '=', 'onetruecaptain', ':onetruecaptain']
2019-05-11 00:48:12,786 - root - INFO - < [':onetruecaptain.tmi.twitch.tv', '366', 'onetruecaptain', 'onetruecaptain', ':End', 'of', '/NAMES', 'list']
[2019-05-11 00:48:41,898] [root] [INFO] sup
[2019-05-11 00:48:41,932] [root] [INFO] > {b}
[2019-05-11 00:48:41,932] [root] [INFO] > {b}
[2019-05-11 00:48:41,933] [root] [INFO] > {b}
[2019-05-11 00:48:42,033] [root] [INFO] < [':tmi.twitch.tv', '001', 'onetruecaptain', ':Welcome,', 'GLHF!']
[2019-05-11 00:48:42,033] [root] [INFO] < [':tmi.twitch.tv', '002', 'onetruecaptain', ':Your', 'host', 'is', 'tmi.twitch.tv']
[2019-05-11 00:48:42,033] [root] [INFO] < [':tmi.twitch.tv', '003', 'onetruecaptain', ':This', 'server', 'is', 'rather', 'new']
[2019-05-11 00:48:42,034] [root] [INFO] < [':tmi.twitch.tv', '004', 'onetruecaptain', ':-']
[2019-05-11 00:48:42,034] [root] [INFO] < [':tmi.twitch.tv', '375', 'onetruecaptain', ':-']
[2019-05-11 00:48:42,034] [root] [INFO] < [':tmi.twitch.tv', '372', 'onetruecaptain', ':You', 'are', 'in', 'a', 'maze', 'of', 'twisty', 'passages,', 'all', 'alike.']
[2019-05-11 00:48:42,034] [root] [INFO] < [':tmi.twitch.tv', '376', 'onetruecaptain', ':>']
[2019-05-11 00:48:42,050] [root] [INFO] < [':onetruecaptain!onetruecaptain@onetruecaptain.tmi.twitch.tv', 'JOIN', 'onetruecaptain']
[2019-05-11 00:48:42,051] [root] [INFO] < [':onetruecaptain.tmi.twitch.tv', '353', 'onetruecaptain', '=', 'onetruecaptain', ':onetruecaptain']
[2019-05-11 00:48:42,051] [root] [INFO] < [':onetruecaptain.tmi.twitch.tv', '366', 'onetruecaptain', 'onetruecaptain', ':End', 'of', '/NAMES', 'list']
[2019-05-11 00:49:24,348] [root] [INFO] sup
[2019-05-11 00:49:24,421] [root] [INFO] > b'PASS oauth:44ais8eene7vhtrdsuaa2y1e57ek0l\r\n'
[2019-05-11 00:49:24,423] [root] [INFO] > b'NICK onetruecaptain\r\n'
[2019-05-11 00:49:24,427] [root] [INFO] > b'JOIN onetruecaptain\r\n'
[2019-05-11 00:49:24,522] [root] [INFO] < [':tmi.twitch.tv', '001', 'onetruecaptain', ':Welcome,', 'GLHF!']
[2019-05-11 00:49:24,522] [root] [INFO] < [':tmi.twitch.tv', '002', 'onetruecaptain', ':Your', 'host', 'is', 'tmi.twitch.tv']
[2019-05-11 00:49:24,522] [root] [INFO] < [':tmi.twitch.tv', '003', 'onetruecaptain', ':This', 'server', 'is', 'rather', 'new']
[2019-05-11 00:49:24,523] [root] [INFO] < [':tmi.twitch.tv', '004', 'onetruecaptain', ':-']
[2019-05-11 00:49:24,523] [root] [INFO] < [':tmi.twitch.tv', '375', 'onetruecaptain', ':-']
[2019-05-11 00:49:24,523] [root] [INFO] < [':tmi.twitch.tv', '372', 'onetruecaptain', ':You', 'are', 'in', 'a', 'maze', 'of', 'twisty', 'passages,', 'all', 'alike.']
[2019-05-11 00:49:24,523] [root] [INFO] < [':tmi.twitch.tv', '376', 'onetruecaptain', ':>']
[2019-05-11 00:49:24,539] [root] [INFO] < [':onetruecaptain!onetruecaptain@onetruecaptain.tmi.twitch.tv', 'JOIN', 'onetruecaptain']
[2019-05-11 00:49:24,539] [root] [INFO] < [':onetruecaptain.tmi.twitch.tv', '353', 'onetruecaptain', '=', 'onetruecaptain', ':onetruecaptain']
[2019-05-11 00:49:24,540] [root] [INFO] < [':onetruecaptain.tmi.twitch.tv', '366', 'onetruecaptain', 'onetruecaptain', ':End', 'of', '/NAMES', 'list']
[2019-05-11 00:51:11,474] [root] [INFO] > b'PASS oauth:44ais8eene7vhtrdsuaa2y1e57ek0l\r\n'
[2019-05-11 00:51:11,476] [root] [INFO] > b'NICK onetruecaptain\r\n'
[2019-05-11 00:51:11,476] [root] [INFO] > b'JOIN onetruecaptain\r\n'
[2019-05-11 00:51:11,582] [root] [INFO] < 
[2019-05-11 00:51:11,667] [root] [INFO] < 
[2019-05-11 00:51:11,667] [root] [INFO] < 
[2019-05-11 00:51:29,592] [root] [INFO] > b'PASS oauth:44ais8eene7vhtrdsuaa2y1e57ek0l\r\n'
[2019-05-11 00:51:29,592] [root] [INFO] > b'NICK onetruecaptain\r\n'
[2019-05-11 00:51:29,593] [root] [INFO] > b'JOIN onetruecaptain\r\n'
[2019-05-11 00:51:29,680] [root] [INFO] < :tmi.twitch.tv 001 onetruecaptain :Welcome, GLHF!
:tmi.twitch.tv 002 onetruecaptain :Your host is tmi.twitch.tv
:tmi.twitch.tv 003 onetruecaptain :This server is rather new
:tmi.twitch.tv 004 onetruecaptain :-
:tmi.twitch.tv 375 onetruecaptain :-
:tmi.twitch.tv 372 onetruecaptain :You are in a maze of twisty passages, all alike.
:tmi.twitch.tv 376 onetruecaptain :>

[2019-05-11 00:51:29,703] [root] [INFO] < :onetruecaptain!onetruecaptain@onetruecaptain.tmi.twitch.tv JOIN onetruecaptain

[2019-05-11 00:51:29,704] [root] [INFO] < :onetruecaptain.tmi.twitch.tv 353 onetruecaptain = onetruecaptain :onetruecaptain
:onetruecaptain.tmi.twitch.tv 366 onetruecaptain onetruecaptain :End of /NAMES list

[2019-05-11 00:51:54,327] [root] [INFO] > b'PASS oauth:44ais8eene7vhtrdsuaa2y1e57ek0l\r\n'
[2019-05-11 00:51:54,328] [root] [INFO] > b'NICK onetruecaptain\r\n'
[2019-05-11 00:51:54,329] [root] [INFO] > b'JOIN onetruecaptain\r\n'
[2019-05-11 00:51:54,427] [root] [INFO] < :tmi.twitch.tv 001 onetruecaptain :Welcome, GLHF!
[2019-05-11 00:51:54,427] [root] [INFO] < :tmi.twitch.tv 002 onetruecaptain :Your host is tmi.twitch.tv
[2019-05-11 00:51:54,428] [root] [INFO] < :tmi.twitch.tv 003 onetruecaptain :This server is rather new
[2019-05-11 00:51:54,428] [root] [INFO] < :tmi.twitch.tv 004 onetruecaptain :-
[2019-05-11 00:51:54,428] [root] [INFO] < :tmi.twitch.tv 375 onetruecaptain :-
[2019-05-11 00:51:54,428] [root] [INFO] < :tmi.twitch.tv 372 onetruecaptain :You are in a maze of twisty passages, all alike.
[2019-05-11 00:51:54,429] [root] [INFO] < :tmi.twitch.tv 376 onetruecaptain :>
[2019-05-11 00:51:54,429] [root] [INFO] < 
[2019-05-11 00:51:54,449] [root] [INFO] < :onetruecaptain!onetruecaptain@onetruecaptain.tmi.twitch.tv JOIN onetruecaptain
[2019-05-11 00:51:54,449] [root] [INFO] < 
[2019-05-11 00:51:54,450] [root] [INFO] < :onetruecaptain.tmi.twitch.tv 353 onetruecaptain = onetruecaptain :onetruecaptain
[2019-05-11 00:51:54,450] [root] [INFO] < :onetruecaptain.tmi.twitch.tv 366 onetruecaptain onetruecaptain :End of /NAMES list
[2019-05-11 00:51:54,450] [root] [INFO] < 
[2019-05-11 00:56:06,631] [root] [INFO] < PING :tmi.twitch.tv
[2019-05-11 00:56:06,634] [root] [INFO] < 
[2019-05-11 00:56:06,634] [root] [INFO] > b'PONG :tmi.twitch.tv\r\n'
[2019-05-11 00:57:02,875] [root] [INFO] > b'PASS oauth:44ais8eene7vhtrdsuaa2y1e57ek0l\r\n'
[2019-05-11 00:57:02,877] [root] [INFO] > b'NICK onetruecaptain\r\n'
[2019-05-11 00:57:02,878] [root] [INFO] > b'JOIN onetruecaptain\r\n'
[2019-05-11 00:57:02,974] [root] [INFO] < [':tmi.twitch.tv', '001', 'onetruecaptain', ':Welcome,', 'GLHF!']
[2019-05-11 00:57:02,974] [root] [INFO] < [':tmi.twitch.tv', '002', 'onetruecaptain', ':Your', 'host', 'is', 'tmi.twitch.tv']
[2019-05-11 00:57:02,974] [root] [INFO] < [':tmi.twitch.tv', '003', 'onetruecaptain', ':This', 'server', 'is', 'rather', 'new']
[2019-05-11 00:57:02,974] [root] [INFO] < [':tmi.twitch.tv', '004', 'onetruecaptain', ':-']
[2019-05-11 00:57:02,975] [root] [INFO] < [':tmi.twitch.tv', '375', 'onetruecaptain', ':-']
[2019-05-11 00:57:02,975] [root] [INFO] < [':tmi.twitch.tv', '372', 'onetruecaptain', ':You', 'are', 'in', 'a', 'maze', 'of', 'twisty', 'passages,', 'all', 'alike.']
[2019-05-11 00:57:02,975] [root] [INFO] < [':tmi.twitch.tv', '376', 'onetruecaptain', ':>']
[2019-05-11 00:57:02,986] [root] [INFO] < [':onetruecaptain!onetruecaptain@onetruecaptain.tmi.twitch.tv', 'JOIN', 'onetruecaptain']
[2019-05-11 00:57:02,988] [root] [INFO] < [':onetruecaptain.tmi.twitch.tv', '353', 'onetruecaptain', '=', 'onetruecaptain', ':onetruecaptain']
[2019-05-11 00:57:02,989] [root] [INFO] < [':onetruecaptain.tmi.twitch.tv', '366', 'onetruecaptain', 'onetruecaptain', ':End', 'of', '/NAMES', 'list']
[2019-05-11 00:57:25,497] [root] [INFO] > b'PASS oauth:44ais8eene7vhtrdsuaa2y1e57ek0l\r\n'
[2019-05-11 00:57:25,500] [root] [INFO] > b'NICK onetruecaptain\r\n'
[2019-05-11 00:57:25,500] [root] [INFO] > b'JOIN onetruecaptain\r\n'
[2019-05-11 00:57:25,594] [root] [INFO] < :tmi.twitch.tv 001 onetruecaptain :Welcome, GLHF!
[2019-05-11 00:57:25,595] [root] [INFO] < :tmi.twitch.tv 002 onetruecaptain :Your host is tmi.twitch.tv
[2019-05-11 00:57:25,595] [root] [INFO] < :tmi.twitch.tv 003 onetruecaptain :This server is rather new
[2019-05-11 00:57:25,595] [root] [INFO] < :tmi.twitch.tv 004 onetruecaptain :-
[2019-05-11 00:57:25,595] [root] [INFO] < :tmi.twitch.tv 375 onetruecaptain :-
[2019-05-11 00:57:25,595] [root] [INFO] < :tmi.twitch.tv 372 onetruecaptain :You are in a maze of twisty passages, all alike.
[2019-05-11 00:57:25,595] [root] [INFO] < :tmi.twitch.tv 376 onetruecaptain :>
[2019-05-11 00:57:25,608] [root] [INFO] < :onetruecaptain!onetruecaptain@onetruecaptain.tmi.twitch.tv JOIN onetruecaptain
[2019-05-11 00:57:25,609] [root] [INFO] < :onetruecaptain.tmi.twitch.tv 353 onetruecaptain = onetruecaptain :onetruecaptain
[2019-05-11 00:57:25,609] [root] [INFO] < :onetruecaptain.tmi.twitch.tv 366 onetruecaptain onetruecaptain :End of /NAMES list
[2019-05-11 01:02:21,784] [root] [INFO] < PING :tmi.twitch.tv
[2019-05-11 01:02:21,787] [root] [INFO] > b'PONG :tmi.twitch.tv\r\n'
[2019-05-11 01:04:11,900] [root] [INFO] > b'PASS oauth:44ais8eene7vhtrdsuaa2y1e57ek0l\r\n'
[2019-05-11 01:04:11,903] [root] [INFO] > b'NICK onetruecaptain\r\n'
[2019-05-11 01:04:11,904] [root] [INFO] > b'JOIN onetruecaptain\r\n'
[2019-05-11 01:04:12,004] [root] [INFO] < :tmi.twitch.tv 001 onetruecaptain :Welcome, GLHF!
[2019-05-11 01:04:12,004] [root] [INFO] < :tmi.twitch.tv 002 onetruecaptain :Your host is tmi.twitch.tv
[2019-05-11 01:04:12,004] [root] [INFO] < :tmi.twitch.tv 003 onetruecaptain :This server is rather new
[2019-05-11 01:04:12,004] [root] [INFO] < :tmi.twitch.tv 004 onetruecaptain :-
[2019-05-11 01:04:12,004] [root] [INFO] < :tmi.twitch.tv 375 onetruecaptain :-
[2019-05-11 01:04:12,004] [root] [INFO] < :tmi.twitch.tv 372 onetruecaptain :You are in a maze of twisty passages, all alike.
[2019-05-11 01:04:12,004] [root] [INFO] < :tmi.twitch.tv 376 onetruecaptain :>
[2019-05-11 01:04:12,023] [root] [INFO] < :onetruecaptain!onetruecaptain@onetruecaptain.tmi.twitch.tv JOIN onetruecaptain
[2019-05-11 01:04:12,024] [root] [INFO] < :onetruecaptain.tmi.twitch.tv 353 onetruecaptain = onetruecaptain :onetruecaptain
[2019-05-11 01:04:12,024] [root] [INFO] < :onetruecaptain.tmi.twitch.tv 366 onetruecaptain onetruecaptain :End of /NAMES list
[2019-05-11 01:05:15,212] [root] [INFO] > b'PASS oauth:44ais8eene7vhtrdsuaa2y1e57ek0l\r\n'
[2019-05-11 01:05:15,214] [root] [INFO] > b'NICK onetruecaptain\r\n'
[2019-05-11 01:05:15,215] [root] [INFO] > b'JOIN onetruecaptain\r\n'
[2019-05-11 01:05:15,215] [root] [INFO] > b'PRIVMSG onetruecaptain :The bot has arrived!\r\n'
[2019-05-11 01:05:15,303] [root] [INFO] < :tmi.twitch.tv 001 onetruecaptain :Welcome, GLHF!
[2019-05-11 01:05:15,303] [root] [INFO] < :tmi.twitch.tv 002 onetruecaptain :Your host is tmi.twitch.tv
[2019-05-11 01:05:15,303] [root] [INFO] < :tmi.twitch.tv 003 onetruecaptain :This server is rather new
[2019-05-11 01:05:15,303] [root] [INFO] < :tmi.twitch.tv 004 onetruecaptain :-
[2019-05-11 01:05:15,304] [root] [INFO] < :tmi.twitch.tv 375 onetruecaptain :-
[2019-05-11 01:05:15,304] [root] [INFO] < :tmi.twitch.tv 372 onetruecaptain :You are in a maze of twisty passages, all alike.
[2019-05-11 01:05:15,305] [root] [INFO] < :tmi.twitch.tv 376 onetruecaptain :>
[2019-05-11 01:05:15,318] [root] [INFO] < :onetruecaptain!onetruecaptain@onetruecaptain.tmi.twitch.tv JOIN onetruecaptain
[2019-05-11 01:05:15,318] [root] [INFO] < :onetruecaptain.tmi.twitch.tv 353 onetruecaptain = onetruecaptain :onetruecaptain
[2019-05-11 01:05:15,318] [root] [INFO] < :onetruecaptain.tmi.twitch.tv 366 onetruecaptain onetruecaptain :End of /NAMES list
[2019-05-11 01:10:07,928] [root] [INFO] < PING :tmi.twitch.tv
[2019-05-11 01:10:07,932] [root] [INFO] > b'PONG :tmi.twitch.tv\r\n'
[2019-05-11 01:14:25,039] [root] [INFO] > b'PASS oauth:yb3crsvzqorjog2gdy4vel2z4iz93h\r\n'
[2019-05-11 01:14:25,045] [root] [INFO] > b'NICK onetruecaptain\r\n'
[2019-05-11 01:14:25,045] [root] [INFO] > b'JOIN onetruecaptain\r\n'
[2019-05-11 01:14:25,046] [root] [INFO] > b'PRIVMSG onetruecaptain :The bot has arrived!\r\n'
[2019-05-11 01:14:25,149] [root] [INFO] < :tmi.twitch.tv 001 onetruecaptain :Welcome, GLHF!
[2019-05-11 01:14:25,149] [root] [INFO] < :tmi.twitch.tv 002 onetruecaptain :Your host is tmi.twitch.tv
[2019-05-11 01:14:25,149] [root] [INFO] < :tmi.twitch.tv 003 onetruecaptain :This server is rather new
[2019-05-11 01:14:25,150] [root] [INFO] < :tmi.twitch.tv 004 onetruecaptain :-
[2019-05-11 01:14:25,150] [root] [INFO] < :tmi.twitch.tv 375 onetruecaptain :-
[2019-05-11 01:14:25,150] [root] [INFO] < :tmi.twitch.tv 372 onetruecaptain :You are in a maze of twisty passages, all alike.
[2019-05-11 01:14:25,150] [root] [INFO] < :tmi.twitch.tv 376 onetruecaptain :>
[2019-05-11 01:14:25,168] [root] [INFO] < :onetruecaptain!onetruecaptain@onetruecaptain.tmi.twitch.tv JOIN onetruecaptain
[2019-05-11 01:14:25,169] [root] [INFO] < :onetruecaptain.tmi.twitch.tv 353 onetruecaptain = onetruecaptain :onetruecaptain
[2019-05-11 01:14:25,170] [root] [INFO] < :onetruecaptain.tmi.twitch.tv 366 onetruecaptain onetruecaptain :End of /NAMES list
[2019-05-11 01:15:23,778] [root] [INFO] > b'PASS oauth:rflsky2nd98snfapv9mvkl5xuhopqv\r\n'
[2019-05-11 01:15:23,779] [root] [INFO] > b'NICK onetruecaptain\r\n'
[2019-05-11 01:15:23,780] [root] [INFO] > b'JOIN onetruecaptain\r\n'
[2019-05-11 01:15:23,780] [root] [INFO] > b'PRIVMSG onetruecaptain :The bot has arrived!\r\n'
[2019-05-11 01:15:23,863] [root] [INFO] < :tmi.twitch.tv NOTICE * :Login authentication failed
[2019-05-11 01:15:57,518] [root] [INFO] > b'PASS oauth:vpo0xgmnwcyjszxok08ymj68gauv8t\r\n'
[2019-05-11 01:15:57,524] [root] [INFO] > b'NICK onetruecaptain\r\n'
[2019-05-11 01:15:57,525] [root] [INFO] > b'JOIN onetruecaptain\r\n'
[2019-05-11 01:15:57,526] [root] [INFO] > b'PRIVMSG onetruecaptain :The bot has arrived!\r\n'
[2019-05-11 01:15:57,612] [root] [INFO] < :tmi.twitch.tv NOTICE * :Login authentication failed
[2019-05-11 01:16:49,943] [root] [INFO] > b'PASS oauth:hxq40korh0021t5g6g3qhkuwuk8iju\r\n'
[2019-05-11 01:16:49,944] [root] [INFO] > b'NICK vpo0xgmnwcyjszxok08ymj68gauv8t\r\n'
[2019-05-11 01:16:49,944] [root] [INFO] > b'JOIN onetruecaptain\r\n'
[2019-05-11 01:16:49,944] [root] [INFO] > b'PRIVMSG onetruecaptain :The bot has arrived!\r\n'
[2019-05-11 01:16:50,034] [root] [INFO] < :tmi.twitch.tv NOTICE * :Login authentication failed
[2019-05-11 01:17:28,357] [root] [INFO] > b'PASS oauth:hxq40korh0021t5g6g3qhkuwuk8iju\r\n'
[2019-05-11 01:17:28,359] [root] [INFO] > b'NICK first-officer\r\n'
[2019-05-11 01:17:28,359] [root] [INFO] > b'JOIN onetruecaptain\r\n'
[2019-05-11 01:17:28,360] [root] [INFO] > b'PRIVMSG onetruecaptain :The bot has arrived!\r\n'
[2019-05-11 01:17:28,442] [root] [INFO] < :tmi.twitch.tv NOTICE * :Login authentication failed
[2019-05-11 01:17:45,942] [root] [INFO] > b'PASS oauth:hxq40korh0021t5g6g3qhkuwuk8iju\r\n'
[2019-05-11 01:17:45,944] [root] [INFO] > b'NICK onetruecaptain\r\n'
[2019-05-11 01:17:45,944] [root] [INFO] > b'JOIN onetruecaptain\r\n'
[2019-05-11 01:17:45,945] [root] [INFO] > b'PRIVMSG onetruecaptain :The bot has arrived!\r\n'
[2019-05-11 01:17:46,022] [root] [INFO] < :tmi.twitch.tv NOTICE * :Login authentication failed
[2019-05-11 01:19:08,125] [root] [INFO] > b'PASS oauth:hxq40korh0021t5g6g3qhkuwuk8iju\r\n'
[2019-05-11 01:19:08,127] [root] [INFO] > b'NICK onetruecaptain\r\n'
[2019-05-11 01:19:08,127] [root] [INFO] > b'JOIN onetruecaptain\r\n'
[2019-05-11 01:19:08,127] [root] [INFO] > b'PRIVMSG #onetruecaptain :The bot has arrived!\r\n'
[2019-05-11 01:19:08,205] [root] [INFO] < :tmi.twitch.tv NOTICE * :Login authentication failed
[2019-05-11 01:19:38,072] [root] [INFO] > b'PASS oauth:g4yv4h1b1pozpf2uyrcj4ilcsobqdb\r\n'
[2019-05-11 01:19:38,074] [root] [INFO] > b'NICK onetruecaptain\r\n'
[2019-05-11 01:19:38,074] [root] [INFO] > b'JOIN onetruecaptain\r\n'
[2019-05-11 01:19:38,075] [root] [INFO] > b'PRIVMSG #onetruecaptain :The bot has arrived!\r\n'
[2019-05-11 01:19:38,174] [root] [INFO] < :tmi.twitch.tv 001 onetruecaptain :Welcome, GLHF!
[2019-05-11 01:19:38,175] [root] [INFO] < :tmi.twitch.tv 002 onetruecaptain :Your host is tmi.twitch.tv
[2019-05-11 01:19:38,175] [root] [INFO] < :tmi.twitch.tv 003 onetruecaptain :This server is rather new
[2019-05-11 01:19:38,175] [root] [INFO] < :tmi.twitch.tv 004 onetruecaptain :-
[2019-05-11 01:19:38,175] [root] [INFO] < :tmi.twitch.tv 375 onetruecaptain :-
[2019-05-11 01:19:38,175] [root] [INFO] < :tmi.twitch.tv 372 onetruecaptain :You are in a maze of twisty passages, all alike.
[2019-05-11 01:19:38,175] [root] [INFO] < :tmi.twitch.tv 376 onetruecaptain :>
[2019-05-11 01:19:38,190] [root] [INFO] < :onetruecaptain!onetruecaptain@onetruecaptain.tmi.twitch.tv JOIN onetruecaptain
[2019-05-11 01:19:38,190] [root] [INFO] < :onetruecaptain.tmi.twitch.tv 353 onetruecaptain = onetruecaptain :onetruecaptain
[2019-05-11 01:19:38,190] [root] [INFO] < :onetruecaptain.tmi.twitch.tv 366 onetruecaptain onetruecaptain :End of /NAMES list
[2019-05-11 01:20:37,690] [root] [INFO] > b'PASS oauth:g4yv4h1b1pozpf2uyrcj4ilcsobqdb\r\n'
[2019-05-11 01:20:37,691] [root] [INFO] > b'NICK onetruecaptain\r\n'
[2019-05-11 01:20:37,692] [root] [INFO] > b'JOIN #onetruecaptain\r\n'
[2019-05-11 01:20:37,693] [root] [INFO] > b'PRIVMSG #onetruecaptain :The bot has arrived!\r\n'
[2019-05-11 01:20:37,778] [root] [INFO] < :tmi.twitch.tv 001 onetruecaptain :Welcome, GLHF!
[2019-05-11 01:20:37,779] [root] [INFO] < :tmi.twitch.tv 002 onetruecaptain :Your host is tmi.twitch.tv
[2019-05-11 01:20:37,780] [root] [INFO] < :tmi.twitch.tv 003 onetruecaptain :This server is rather new
[2019-05-11 01:20:37,781] [root] [INFO] < :tmi.twitch.tv 004 onetruecaptain :-
[2019-05-11 01:20:37,783] [root] [INFO] < :tmi.twitch.tv 375 onetruecaptain :-
[2019-05-11 01:20:37,784] [root] [INFO] < :tmi.twitch.tv 372 onetruecaptain :You are in a maze of twisty passages, all alike.
[2019-05-11 01:20:37,784] [root] [INFO] < :tmi.twitch.tv 376 onetruecaptain :>
[2019-05-11 01:20:37,794] [root] [INFO] < :onetruecaptain!onetruecaptain@onetruecaptain.tmi.twitch.tv JOIN #onetruecaptain
[2019-05-11 01:20:37,795] [root] [INFO] < :onetruecaptain.tmi.twitch.tv 353 onetruecaptain = #onetruecaptain :onetruecaptain
[2019-05-11 01:20:37,796] [root] [INFO] < :onetruecaptain.tmi.twitch.tv 366 onetruecaptain #onetruecaptain :End of /NAMES list
[2019-05-11 01:20:44,300] [root] [INFO] < :onetruecaptain!onetruecaptain@onetruecaptain.tmi.twitch.tv PRIVMSG #onetruecaptain :!test
[2019-05-11 01:20:44,301] [root] [INFO] > b'PRIVMSG #onetruecaptain :testing some stuff\r\n'
[2019-05-11 01:20:47,536] [root] [INFO] < :onetruecaptain!onetruecaptain@onetruecaptain.tmi.twitch.tv PRIVMSG #onetruecaptain :!asdf
[2019-05-11 01:20:47,537] [root] [INFO] > b'PRIVMSG #onetruecaptain :asdfster\r\n'
[2019-05-11 01:21:06,412] [root] [INFO] > b'PASS oauth:g4yv4h1b1pozpf2uyrcj4ilcsobqdb\r\n'
[2019-05-11 01:21:06,413] [root] [INFO] > b'NICK first-officer\r\n'
[2019-05-11 01:21:06,413] [root] [INFO] > b'JOIN #onetruecaptain\r\n'
[2019-05-11 01:21:06,413] [root] [INFO] > b'PRIVMSG #onetruecaptain :The bot has arrived!\r\n'
[2019-05-11 01:21:06,517] [root] [INFO] < :tmi.twitch.tv 001 onetruecaptain :Welcome, GLHF!
[2019-05-11 01:21:06,517] [root] [INFO] < :tmi.twitch.tv 002 onetruecaptain :Your host is tmi.twitch.tv
[2019-05-11 01:21:06,517] [root] [INFO] < :tmi.twitch.tv 003 onetruecaptain :This server is rather new
[2019-05-11 01:21:06,517] [root] [INFO] < :tmi.twitch.tv 004 onetruecaptain :-
[2019-05-11 01:21:06,517] [root] [INFO] < :tmi.twitch.tv 375 onetruecaptain :-
[2019-05-11 01:21:06,517] [root] [INFO] < :tmi.twitch.tv 372 onetruecaptain :You are in a maze of twisty passages, all alike.
[2019-05-11 01:21:06,517] [root] [INFO] < :tmi.twitch.tv 376 onetruecaptain :>
[2019-05-11 01:21:06,532] [root] [INFO] < :onetruecaptain!onetruecaptain@onetruecaptain.tmi.twitch.tv JOIN #onetruecaptain
[2019-05-11 01:21:06,532] [root] [INFO] < :onetruecaptain.tmi.twitch.tv 353 onetruecaptain = #onetruecaptain :onetruecaptain
[2019-05-11 01:21:06,532] [root] [INFO] < :onetruecaptain.tmi.twitch.tv 366 onetruecaptain #onetruecaptain :End of /NAMES list
[2019-05-11 01:23:07,885] [root] [INFO] < :onetruecaptain!onetruecaptain@onetruecaptain.tmi.twitch.tv PRIVMSG #onetruecaptain :!test
[2019-05-11 01:23:07,885] [root] [INFO] > b'PRIVMSG #onetruecaptain :testing some stuff\r\n'
[2019-05-11 01:23:28,049] [root] [INFO] < :onetruecaptain!onetruecaptain@onetruecaptain.tmi.twitch.tv PRIVMSG #onetruecaptain :hi
[2019-05-11 01:24:35,620] [root] [INFO] < :bigjuevos!bigjuevos@bigjuevos.tmi.twitch.tv PRIVMSG #onetruecaptain :!test
[2019-05-11 01:24:35,621] [root] [INFO] > b'PRIVMSG #onetruecaptain :testing some stuff\r\n'
[2019-05-11 01:25:31,071] [root] [INFO] < PING :tmi.twitch.tv
[2019-05-11 01:25:31,072] [root] [INFO] > b'PONG :tmi.twitch.tv\r\n'
[2019-05-11 01:30:17,276] [root] [INFO] < PING :tmi.twitch.tv
[2019-05-11 01:30:17,279] [root] [INFO] > b'PONG :tmi.twitch.tv\r\n'
[2019-05-11 01:34:08,337] [root] [INFO] > b'PASS oauth:g4yv4h1b1pozpf2uyrcj4ilcsobqdb\r\n'
[2019-05-11 01:34:08,338] [root] [INFO] > b'NICK first-officer\r\n'
[2019-05-11 01:34:08,338] [root] [INFO] > b'JOIN #onetruecaptain\r\n'
[2019-05-11 01:34:08,430] [root] [INFO] < :tmi.twitch.tv 001 onetruecaptain :Welcome, GLHF!
[2019-05-11 01:34:08,430] [root] [INFO] < :tmi.twitch.tv 002 onetruecaptain :Your host is tmi.twitch.tv
[2019-05-11 01:34:08,431] [root] [INFO] < :tmi.twitch.tv 003 onetruecaptain :This server is rather new
[2019-05-11 01:34:08,431] [root] [INFO] < :tmi.twitch.tv 004 onetruecaptain :-
[2019-05-11 01:34:08,431] [root] [INFO] < :tmi.twitch.tv 375 onetruecaptain :-
[2019-05-11 01:34:08,431] [root] [INFO] < :tmi.twitch.tv 372 onetruecaptain :You are in a maze of twisty passages, all alike.
[2019-05-11 01:34:08,432] [root] [INFO] < :tmi.twitch.tv 376 onetruecaptain :>
[2019-05-11 01:34:08,447] [root] [INFO] < :onetruecaptain!onetruecaptain@onetruecaptain.tmi.twitch.tv JOIN #onetruecaptain
[2019-05-11 01:34:08,447] [root] [INFO] < :onetruecaptain.tmi.twitch.tv 353 onetruecaptain = #onetruecaptain :onetruecaptain
[2019-05-11 01:34:08,448] [root] [INFO] < :onetruecaptain.tmi.twitch.tv 366 onetruecaptain #onetruecaptain :End of /NAMES list
[2019-05-11 01:34:22,317] [root] [INFO] < :onetruecaptain!onetruecaptain@onetruecaptain.tmi.twitch.tv PRIVMSG #onetruecaptain :!route
[2019-05-11 01:34:41,201] [root] [INFO] < :onetruecaptain!onetruecaptain@onetruecaptain.tmi.twitch.tv PRIVMSG #onetruecaptain :!ping
[2019-05-11 01:34:41,202] [root] [INFO] > b'PRIVMSG #onetruecaptain :[BOT] pong\r\n'
[2019-05-11 01:34:44,267] [root] [INFO] < :onetruecaptain!onetruecaptain@onetruecaptain.tmi.twitch.tv PRIVMSG #onetruecaptain :!route
[2019-05-11 01:35:37,898] [root] [INFO] > b'PASS oauth:g4yv4h1b1pozpf2uyrcj4ilcsobqdb\r\n'
[2019-05-11 01:35:37,906] [root] [INFO] > b'NICK first-officer\r\n'
[2019-05-11 01:35:37,907] [root] [INFO] > b'JOIN #onetruecaptain\r\n'
[2019-05-11 01:35:38,003] [root] [INFO] < :tmi.twitch.tv 001 onetruecaptain :Welcome, GLHF!
[2019-05-11 01:35:38,004] [root] [INFO] < :tmi.twitch.tv 002 onetruecaptain :Your host is tmi.twitch.tv
[2019-05-11 01:35:38,004] [root] [INFO] < :tmi.twitch.tv 003 onetruecaptain :This server is rather new
[2019-05-11 01:35:38,004] [root] [INFO] < :tmi.twitch.tv 004 onetruecaptain :-
[2019-05-11 01:35:38,004] [root] [INFO] < :tmi.twitch.tv 375 onetruecaptain :-
[2019-05-11 01:35:38,005] [root] [INFO] < :tmi.twitch.tv 372 onetruecaptain :You are in a maze of twisty passages, all alike.
[2019-05-11 01:35:38,005] [root] [INFO] < :tmi.twitch.tv 376 onetruecaptain :>
[2019-05-11 01:35:38,024] [root] [INFO] < :onetruecaptain!onetruecaptain@onetruecaptain.tmi.twitch.tv JOIN #onetruecaptain
[2019-05-11 01:35:38,024] [root] [INFO] < :onetruecaptain.tmi.twitch.tv 353 onetruecaptain = #onetruecaptain :onetruecaptain
[2019-05-11 01:35:38,025] [root] [INFO] < :onetruecaptain.tmi.twitch.tv 366 onetruecaptain #onetruecaptain :End of /NAMES list
[2019-05-11 01:35:43,110] [root] [INFO] < :onetruecaptain!onetruecaptain@onetruecaptain.tmi.twitch.tv PRIVMSG #onetruecaptain :!route
[2019-05-11 01:35:43,125] [root] [INFO] > b'PRIVMSG #onetruecaptain :[BOT] Current Route: <!DOCTYPE HTML PUBLIC "-//IETF//DTD HTML 2.0//EN">\n<html><head>\n<title>400 Bad Request</title>\n</head><body>\n<h1>Bad Request</h1>\n<p>Your browser sent a request that this server could not understand.<br />\n</p>\n<hr>\n<address>Apache/2.4.29 (Ubuntu) Server at maria.ryannull.com Port 80</address>\n</body></html>\n\r\n'
[2019-05-11 01:35:43,234] [root] [INFO] < :tmi.twitch.tv 421 onetruecaptain <HTML><HEAD> :Unknown command
[2019-05-11 01:35:43,235] [root] [INFO] < :tmi.twitch.tv 421 onetruecaptain <TITLE>400 :Unknown command
[2019-05-11 01:35:43,235] [root] [INFO] < :tmi.twitch.tv 421 onetruecaptain </HEAD><BODY> :Unknown command
[2019-05-11 01:35:43,235] [root] [INFO] < :tmi.twitch.tv 421 onetruecaptain <H1>BAD :Unknown command
[2019-05-11 01:35:43,235] [root] [INFO] < :tmi.twitch.tv 421 onetruecaptain <P>YOUR :Unknown command
[2019-05-11 01:35:43,235] [root] [INFO] < :tmi.twitch.tv 421 onetruecaptain </P> :Unknown command
[2019-05-11 01:35:43,235] [root] [INFO] < :tmi.twitch.tv 421 onetruecaptain <HR> :Unknown command
[2019-05-11 01:35:43,236] [root] [INFO] < :tmi.twitch.tv 421 onetruecaptain <ADDRESS>APACHE/2.4.29 :Unknown command
[2019-05-11 01:35:43,236] [root] [INFO] < :tmi.twitch.tv 421 onetruecaptain </BODY></HTML> :Unknown command
[2019-05-11 01:36:10,464] [root] [INFO] > b'PASS oauth:g4yv4h1b1pozpf2uyrcj4ilcsobqdb\r\n'
[2019-05-11 01:36:10,466] [root] [INFO] > b'NICK first-officer\r\n'
[2019-05-11 01:36:10,466] [root] [INFO] > b'JOIN #onetruecaptain\r\n'
[2019-05-11 01:36:10,564] [root] [INFO] < :tmi.twitch.tv 001 onetruecaptain :Welcome, GLHF!
[2019-05-11 01:36:10,564] [root] [INFO] < :tmi.twitch.tv 002 onetruecaptain :Your host is tmi.twitch.tv
[2019-05-11 01:36:10,564] [root] [INFO] < :tmi.twitch.tv 003 onetruecaptain :This server is rather new
[2019-05-11 01:36:10,565] [root] [INFO] < :tmi.twitch.tv 004 onetruecaptain :-
[2019-05-11 01:36:10,565] [root] [INFO] < :tmi.twitch.tv 375 onetruecaptain :-
[2019-05-11 01:36:10,565] [root] [INFO] < :tmi.twitch.tv 372 onetruecaptain :You are in a maze of twisty passages, all alike.
[2019-05-11 01:36:10,565] [root] [INFO] < :tmi.twitch.tv 376 onetruecaptain :>
[2019-05-11 01:36:10,583] [root] [INFO] < :onetruecaptain!onetruecaptain@onetruecaptain.tmi.twitch.tv JOIN #onetruecaptain
[2019-05-11 01:36:10,583] [root] [INFO] < :onetruecaptain.tmi.twitch.tv 353 onetruecaptain = #onetruecaptain :onetruecaptain
[2019-05-11 01:36:10,584] [root] [INFO] < :onetruecaptain.tmi.twitch.tv 366 onetruecaptain #onetruecaptain :End of /NAMES list
[2019-05-11 01:36:15,121] [root] [INFO] < :onetruecaptain!onetruecaptain@onetruecaptain.tmi.twitch.tv PRIVMSG #onetruecaptain :!route
[2019-05-11 01:36:15,150] [root] [INFO] > b'PRIVMSG #onetruecaptain :[BOT] Current Route: KSJC TECKY3 TECKY SJC BMRNG HRNER RBL LMT HAWKZ7 KSEA\r\n'
[2019-05-11 01:36:19,251] [root] [INFO] < :onetruecaptain!onetruecaptain@onetruecaptain.tmi.twitch.tv PRIVMSG #onetruecaptain :!ping
[2019-05-11 01:36:19,252] [root] [INFO] > b'PRIVMSG #onetruecaptain :[BOT] pong\r\n'
[2019-05-11 01:38:45,208] [root] [INFO] < :onetruecaptain!onetruecaptain@onetruecaptain.tmi.twitch.tv PRIVMSG #onetruecaptain :!route
[2019-05-11 01:38:45,221] [root] [INFO] > b'PRIVMSG #onetruecaptain :[BOT] Current Route: KSJC TECKY3 TECKY SJC BMRNG HRNER RBL LMT HAWKZ7 KSEA\r\n'
[2019-05-11 01:39:16,777] [root] [INFO] > b'PASS oauth:g4yv4h1b1pozpf2uyrcj4ilcsobqdb\r\n'
[2019-05-11 01:39:16,778] [root] [INFO] > b'NICK onetruecaptain\r\n'
[2019-05-11 01:39:16,779] [root] [INFO] > b'JOIN #onetruecaptain\r\n'
[2019-05-11 01:39:16,875] [root] [INFO] < :tmi.twitch.tv 001 onetruecaptain :Welcome, GLHF!
[2019-05-11 01:39:16,875] [root] [INFO] < :tmi.twitch.tv 002 onetruecaptain :Your host is tmi.twitch.tv
[2019-05-11 01:39:16,875] [root] [INFO] < :tmi.twitch.tv 003 onetruecaptain :This server is rather new
[2019-05-11 01:39:16,875] [root] [INFO] < :tmi.twitch.tv 004 onetruecaptain :-
[2019-05-11 01:39:16,876] [root] [INFO] < :tmi.twitch.tv 375 onetruecaptain :-
[2019-05-11 01:39:16,876] [root] [INFO] < :tmi.twitch.tv 372 onetruecaptain :You are in a maze of twisty passages, all alike.
[2019-05-11 01:39:16,876] [root] [INFO] < :tmi.twitch.tv 376 onetruecaptain :>
[2019-05-11 01:39:16,890] [root] [INFO] < :onetruecaptain!onetruecaptain@onetruecaptain.tmi.twitch.tv JOIN #onetruecaptain
[2019-05-11 01:39:16,890] [root] [INFO] < :onetruecaptain.tmi.twitch.tv 353 onetruecaptain = #onetruecaptain :onetruecaptain
[2019-05-11 01:39:16,891] [root] [INFO] < :onetruecaptain.tmi.twitch.tv 366 onetruecaptain #onetruecaptain :End of /NAMES list
[2019-05-11 01:39:21,359] [root] [INFO] < :onetruecaptain!onetruecaptain@onetruecaptain.tmi.twitch.tv PRIVMSG #onetruecaptain :!route
[2019-05-11 01:39:21,377] [root] [INFO] > b'PRIVMSG #onetruecaptain :[BOT] Current Route: KSJC TECKY3 TECKY SJC BMRNG HRNER RBL LMT HAWKZ7 KSEA\r\n'
